2025-09-29 18:47:25,520 - INFO - System Health Check Started
2025-09-29 18:47:26,532 - INFO - Running Processes: 32
2025-09-29 18:47:26,532 - INFO - System Health Check Completed
2025-09-29 18:48:55,457 - INFO - System Health Check Started
2025-09-29 18:48:56,458 - WARNING - High CPU Usage! 0.1%
2025-09-29 18:48:56,459 - WARNING - High Memory Usage! 13.4%
2025-09-29 18:48:56,459 - WARNING - High Disk Usage! 1.4%
2025-09-29 18:48:56,460 - INFO - Running Processes: 32
2025-09-29 18:48:56,460 - INFO - System Health Check Completed
2025-09-29 18:50:52,368 - INFO - System Health Check Started
2025-09-29 18:50:53,369 - INFO - Running Processes: 32
2025-09-29 18:50:53,370 - INFO - System Health Check Completed
2025-09-29 19:07:44,135 - INFO - System Health Check Started
2025-09-29 19:07:45,138 - INFO - Running Processes: 32
2025-09-29 19:07:45,138 - INFO - System Health Check Completed
2025-09-29 19:10:01,243 - INFO - System Health Check Started
2025-09-29 19:10:02,245 - INFO - Running Processes: 35
2025-09-29 19:10:02,245 - INFO - System Health Check Completed
2025-09-29 19:15:01,513 - INFO - System Health Check Started
2025-09-29 19:15:02,525 - INFO - Running Processes: 40
2025-09-29 19:15:02,525 - INFO - System Health Check Completed
2025-09-29 19:20:01,885 - INFO - System Health Check Started
2025-09-29 19:20:02,896 - INFO - Running Processes: 35
2025-09-29 19:20:02,896 - INFO - System Health Check Completed
2025-09-29 19:25:02,198 - INFO - System Health Check Started
2025-09-29 19:25:03,210 - INFO - Running Processes: 36
2025-09-29 19:25:03,210 - INFO - System Health Check Completed
2025-09-29 19:30:01,511 - INFO - System Health Check Started
2025-09-29 19:30:02,522 - INFO - Running Processes: 35
2025-09-29 19:30:02,522 - INFO - System Health Check Completed
2025-09-29 19:35:01,694 - INFO - System Health Check Started
2025-09-29 19:35:02,697 - INFO - Running Processes: 35
2025-09-29 19:35:02,697 - INFO - System Health Check Completed
2025-09-29 19:40:01,987 - INFO - System Health Check Started
2025-09-29 19:40:02,997 - INFO - Running Processes: 38
2025-09-29 19:40:02,997 - INFO - System Health Check Completed
2025-09-30 18:35:01,017 - INFO - System Health Check Started
2025-09-30 18:35:02,020 - INFO - Running Processes: 34
2025-09-30 18:35:02,021 - INFO - System Health Check Completed
2025-09-30 18:40:01,889 - INFO - System Health Check Started
2025-09-30 18:40:02,912 - INFO - Running Processes: 34
2025-09-30 18:40:02,912 - INFO - System Health Check Completed
2025-09-30 18:45:01,075 - INFO - System Health Check Started
2025-09-30 18:45:02,093 - INFO - Running Processes: 34
2025-09-30 18:45:02,093 - INFO - System Health Check Completed
2025-09-30 18:50:01,830 - INFO - System Health Check Started
2025-09-30 18:50:02,869 - INFO - Running Processes: 34
2025-09-30 18:50:02,869 - INFO - System Health Check Completed
2025-09-30 18:55:01,610 - INFO - System Health Check Started
2025-09-30 18:55:02,616 - INFO - Running Processes: 34
2025-09-30 18:55:02,616 - INFO - System Health Check Completed
2025-10-02 16:50:02,089 - INFO - System Health Check Started
2025-10-02 16:50:03,092 - INFO - Running Processes: 35
2025-10-02 16:50:03,093 - INFO - System Health Check Completed
2025-10-02 16:55:01,254 - INFO - System Health Check Started
2025-10-02 16:55:02,257 - INFO - Running Processes: 34
2025-10-02 16:55:02,257 - INFO - System Health Check Completed
2025-10-02 17:00:01,531 - INFO - System Health Check Started
2025-10-02 17:00:02,535 - INFO - Running Processes: 38
2025-10-02 17:00:02,535 - INFO - System Health Check Completed
2025-10-02 17:05:01,676 - INFO - System Health Check Started
2025-10-02 17:05:02,679 - INFO - Running Processes: 47
2025-10-02 17:05:02,679 - INFO - System Health Check Completed
2025-10-02 17:10:01,952 - INFO - System Health Check Started
2025-10-02 17:10:02,963 - INFO - Running Processes: 47
2025-10-02 17:10:02,963 - INFO - System Health Check Completed
2025-10-02 17:15:02,104 - INFO - System Health Check Started
2025-10-02 17:15:03,106 - INFO - Running Processes: 47
2025-10-02 17:15:03,107 - INFO - System Health Check Completed
2025-10-02 17:20:01,367 - INFO - System Health Check Started
2025-10-02 17:20:02,369 - INFO - Running Processes: 47
2025-10-02 17:20:02,369 - INFO - System Health Check Completed
2025-10-02 17:25:01,519 - INFO - System Health Check Started
2025-10-02 17:25:02,521 - INFO - Running Processes: 47
2025-10-02 17:25:02,521 - INFO - System Health Check Completed
2025-10-02 17:30:01,674 - INFO - System Health Check Started
2025-10-02 17:30:02,676 - INFO - Running Processes: 47
2025-10-02 17:30:02,677 - INFO - System Health Check Completed
2025-10-02 17:35:01,839 - INFO - System Health Check Started
2025-10-02 17:35:02,842 - INFO - Running Processes: 48
2025-10-02 17:35:02,842 - INFO - System Health Check Completed
2025-10-02 17:40:01,987 - INFO - System Health Check Started
2025-10-02 17:40:02,990 - INFO - Running Processes: 48
2025-10-02 17:40:02,990 - INFO - System Health Check Completed
2025-10-02 17:45:01,312 - INFO - System Health Check Started
2025-10-02 17:45:02,323 - INFO - Running Processes: 35
2025-10-02 17:45:02,323 - INFO - System Health Check Completed
2025-10-02 17:50:01,515 - INFO - System Health Check Started
2025-10-02 17:50:02,522 - INFO - Running Processes: 35
2025-10-02 17:50:02,522 - INFO - System Health Check Completed
2025-10-02 17:55:01,706 - INFO - System Health Check Started
2025-10-02 17:55:02,710 - INFO - Running Processes: 35
2025-10-02 17:55:02,710 - INFO - System Health Check Completed
2025-10-02 18:00:01,879 - INFO - System Health Check Started
2025-10-02 18:00:02,883 - INFO - Running Processes: 35
2025-10-02 18:00:02,883 - INFO - System Health Check Completed
2025-10-02 18:05:02,052 - INFO - System Health Check Started
2025-10-02 18:05:03,054 - INFO - Running Processes: 35
2025-10-02 18:05:03,054 - INFO - System Health Check Completed
2025-10-02 18:10:01,221 - INFO - System Health Check Started
2025-10-02 18:10:02,223 - INFO - Running Processes: 35
2025-10-02 18:10:02,223 - INFO - System Health Check Completed
2025-10-02 18:15:01,380 - INFO - System Health Check Started
2025-10-02 18:15:02,384 - INFO - Running Processes: 35
2025-10-02 18:15:02,384 - INFO - System Health Check Completed
2025-10-02 18:20:01,615 - INFO - System Health Check Started
2025-10-02 18:20:02,616 - INFO - Running Processes: 35
2025-10-02 18:20:02,616 - INFO - System Health Check Completed
2025-10-03 17:30:01,518 - INFO - System Health Check Started
2025-10-03 17:30:02,520 - INFO - Running Processes: 34
2025-10-03 17:30:02,520 - INFO - System Health Check Completed
2025-10-03 17:35:01,449 - INFO - System Health Check Started
2025-10-03 17:35:02,533 - INFO - Running Processes: 35
2025-10-03 17:35:02,533 - INFO - System Health Check Completed
2025-10-03 17:40:00,812 - INFO - System Health Check Started
2025-10-03 17:40:01,836 - INFO - Running Processes: 37
2025-10-03 17:40:01,836 - INFO - System Health Check Completed
2025-10-03 17:45:01,398 - INFO - System Health Check Started
2025-10-03 17:45:02,404 - INFO - Running Processes: 36
2025-10-03 17:45:02,404 - INFO - System Health Check Completed
2025-10-03 17:50:01,146 - INFO - System Health Check Started
2025-10-03 17:50:02,153 - INFO - Running Processes: 42
2025-10-03 17:50:02,153 - INFO - System Health Check Completed
2025-10-03 17:55:01,728 - INFO - System Health Check Started
2025-10-03 17:55:02,729 - INFO - Running Processes: 43
2025-10-03 17:55:02,729 - INFO - System Health Check Completed
2025-10-03 18:00:01,249 - INFO - System Health Check Started
2025-10-03 18:00:02,252 - INFO - Running Processes: 40
2025-10-03 18:00:02,252 - INFO - System Health Check Completed
2025-10-03 18:05:01,707 - INFO - System Health Check Started
2025-10-03 18:05:02,712 - INFO - Running Processes: 40
2025-10-03 18:05:02,712 - INFO - System Health Check Completed
2025-10-03 18:10:01,408 - INFO - System Health Check Started
2025-10-03 18:10:02,419 - INFO - Running Processes: 40
2025-10-03 18:10:02,419 - INFO - System Health Check Completed
2025-10-03 18:15:02,049 - INFO - System Health Check Started
2025-10-03 18:15:03,055 - INFO - Running Processes: 40
2025-10-03 18:15:03,055 - INFO - System Health Check Completed
2025-10-03 18:20:02,064 - INFO - System Health Check Started
2025-10-03 18:20:03,070 - INFO - Running Processes: 40
2025-10-03 18:20:03,070 - INFO - System Health Check Completed
2025-10-03 18:25:02,002 - INFO - System Health Check Started
2025-10-03 18:25:03,019 - INFO - Running Processes: 40
2025-10-03 18:25:03,019 - INFO - System Health Check Completed
2025-10-03 18:30:01,693 - INFO - System Health Check Started
2025-10-03 18:30:02,709 - INFO - Running Processes: 40
2025-10-03 18:30:02,709 - INFO - System Health Check Completed
2025-10-03 18:35:01,684 - INFO - System Health Check Started
2025-10-03 18:35:02,685 - INFO - Running Processes: 40
2025-10-03 18:35:02,685 - INFO - System Health Check Completed
2025-10-03 18:40:01,704 - INFO - System Health Check Started
2025-10-03 18:40:02,723 - INFO - Running Processes: 40
2025-10-03 18:40:02,723 - INFO - System Health Check Completed
2025-10-03 18:45:01,210 - INFO - System Health Check Started
2025-10-03 18:45:02,230 - INFO - Running Processes: 40
2025-10-03 18:45:02,231 - INFO - System Health Check Completed
2025-10-03 18:50:01,262 - INFO - System Health Check Started
2025-10-03 18:50:02,265 - INFO - Running Processes: 40
2025-10-03 18:50:02,266 - INFO - System Health Check Completed
2025-10-03 18:55:01,724 - INFO - System Health Check Started
2025-10-06 14:15:01,936 - INFO - System Health Check Started
2025-10-06 14:15:02,940 - INFO - Running Processes: 35
2025-10-06 14:15:02,940 - INFO - System Health Check Completed
2025-10-06 14:20:01,626 - INFO - System Health Check Started
2025-10-06 14:20:02,682 - INFO - Running Processes: 37
2025-10-06 14:20:02,682 - INFO - System Health Check Completed
2025-10-06 14:25:01,837 - INFO - System Health Check Started
2025-10-06 14:25:02,839 - INFO - Running Processes: 34
2025-10-06 14:25:02,839 - INFO - System Health Check Completed
2025-10-06 14:30:02,004 - INFO - System Health Check Started
2025-10-06 14:30:03,006 - INFO - Running Processes: 35
2025-10-06 14:30:03,006 - INFO - System Health Check Completed
2025-10-06 14:35:01,182 - INFO - System Health Check Started
2025-10-06 14:35:02,184 - INFO - Running Processes: 40
2025-10-06 14:35:02,184 - INFO - System Health Check Completed
2025-10-06 14:40:01,536 - INFO - System Health Check Started
2025-10-06 14:40:02,547 - INFO - Running Processes: 39
2025-10-06 14:40:02,547 - INFO - System Health Check Completed
2025-10-06 14:45:01,750 - INFO - System Health Check Started
2025-10-06 14:45:02,753 - INFO - Running Processes: 39
2025-10-06 14:45:02,753 - INFO - System Health Check Completed
2025-10-06 14:50:01,891 - INFO - System Health Check Started
2025-10-06 14:50:02,894 - INFO - Running Processes: 39
2025-10-06 14:50:02,894 - INFO - System Health Check Completed
2025-10-06 14:55:02,067 - INFO - System Health Check Started
2025-10-06 14:55:03,069 - INFO - Running Processes: 39
2025-10-06 14:55:03,069 - INFO - System Health Check Completed
2025-10-06 15:00:01,203 - INFO - System Health Check Started
2025-10-06 15:00:02,205 - INFO - Running Processes: 39
2025-10-06 15:00:02,205 - INFO - System Health Check Completed
2025-10-06 15:05:01,349 - INFO - System Health Check Started
2025-10-06 15:05:02,351 - INFO - Running Processes: 39
2025-10-06 15:05:02,352 - INFO - System Health Check Completed
2025-10-06 15:10:01,489 - INFO - System Health Check Started
2025-10-06 15:10:02,491 - INFO - Running Processes: 39
2025-10-06 15:10:02,491 - INFO - System Health Check Completed
2025-10-06 15:15:01,677 - INFO - System Health Check Started
2025-10-06 15:15:02,679 - INFO - Running Processes: 39
2025-10-06 15:15:02,679 - INFO - System Health Check Completed
2025-10-06 15:20:01,882 - INFO - System Health Check Started
2025-10-06 15:20:02,885 - INFO - Running Processes: 39
2025-10-06 15:20:02,885 - INFO - System Health Check Completed
2025-10-06 15:25:02,024 - INFO - System Health Check Started
2025-10-06 15:25:03,026 - INFO - Running Processes: 40
2025-10-06 15:25:03,026 - INFO - System Health Check Completed
2025-10-06 15:30:01,173 - INFO - System Health Check Started
2025-10-06 15:30:02,176 - INFO - Running Processes: 39
2025-10-06 15:30:02,176 - INFO - System Health Check Completed
2025-10-06 15:35:01,319 - INFO - System Health Check Started
2025-10-06 15:35:02,321 - INFO - Running Processes: 39
2025-10-06 15:35:02,321 - INFO - System Health Check Completed
2025-10-06 15:40:01,686 - INFO - System Health Check Started
2025-10-06 15:40:02,698 - INFO - Running Processes: 39
2025-10-06 15:40:02,698 - INFO - System Health Check Completed
2025-10-06 15:45:01,851 - INFO - System Health Check Started
2025-10-06 15:45:02,858 - INFO - Running Processes: 105
2025-10-06 15:45:02,858 - INFO - System Health Check Completed
2025-10-06 15:50:01,996 - INFO - System Health Check Started
2025-10-06 15:50:02,997 - INFO - Running Processes: 84
2025-10-06 15:50:02,998 - INFO - System Health Check Completed
2025-10-06 15:55:01,154 - INFO - System Health Check Started
2025-10-06 15:55:02,157 - INFO - Running Processes: 85
2025-10-06 15:55:02,157 - INFO - System Health Check Completed
2025-10-06 16:00:01,316 - INFO - System Health Check Started
2025-10-06 16:00:02,320 - INFO - Running Processes: 80
2025-10-06 16:00:02,320 - INFO - System Health Check Completed
2025-10-06 16:05:01,471 - INFO - System Health Check Started
2025-10-06 16:05:02,473 - INFO - Running Processes: 80
2025-10-06 16:05:02,473 - INFO - System Health Check Completed
2025-10-06 16:10:01,621 - INFO - System Health Check Started
2025-10-06 16:10:02,623 - INFO - Running Processes: 84
2025-10-06 16:10:02,624 - INFO - System Health Check Completed
2025-10-06 16:15:01,773 - INFO - System Health Check Started
2025-10-06 16:15:02,776 - INFO - Running Processes: 84
2025-10-06 16:15:02,776 - INFO - System Health Check Completed
2025-10-06 16:20:01,973 - INFO - System Health Check Started
2025-10-06 16:20:02,976 - INFO - Running Processes: 84
2025-10-06 16:20:02,976 - INFO - System Health Check Completed
2025-10-06 16:25:02,127 - INFO - System Health Check Started
2025-10-06 16:25:03,129 - INFO - Running Processes: 84
2025-10-06 16:25:03,129 - INFO - System Health Check Completed
2025-10-06 16:30:01,271 - INFO - System Health Check Started
2025-10-06 16:30:02,273 - INFO - Running Processes: 84
2025-10-06 16:30:02,273 - INFO - System Health Check Completed
2025-10-06 16:35:01,439 - INFO - System Health Check Started
2025-10-06 16:35:02,441 - INFO - Running Processes: 84
2025-10-06 16:35:02,442 - INFO - System Health Check Completed
2025-10-06 16:40:01,608 - INFO - System Health Check Started
2025-10-06 16:40:02,610 - INFO - Running Processes: 84
2025-10-06 16:40:02,611 - INFO - System Health Check Completed
2025-10-06 16:45:01,757 - INFO - System Health Check Started
2025-10-06 16:45:02,759 - INFO - Running Processes: 84
2025-10-06 16:45:02,759 - INFO - System Health Check Completed
2025-10-06 16:50:01,516 - INFO - System Health Check Started
2025-10-06 16:50:02,518 - INFO - Running Processes: 84
2025-10-06 16:50:02,518 - INFO - System Health Check Completed
2025-10-06 16:55:00,941 - INFO - System Health Check Started
2025-10-06 16:55:01,944 - INFO - Running Processes: 86
2025-10-06 16:55:01,944 - INFO - System Health Check Completed
2025-10-06 17:00:01,515 - INFO - System Health Check Started
2025-10-06 17:00:02,518 - INFO - Running Processes: 84
2025-10-06 17:00:02,518 - INFO - System Health Check Completed
2025-10-06 17:05:01,020 - INFO - System Health Check Started
2025-10-06 17:05:02,022 - INFO - Running Processes: 84
2025-10-06 17:05:02,022 - INFO - System Health Check Completed
2025-10-06 17:10:01,199 - INFO - System Health Check Started
2025-10-06 17:10:02,202 - INFO - Running Processes: 84
2025-10-06 17:10:02,202 - INFO - System Health Check Completed
2025-10-06 17:15:02,112 - INFO - System Health Check Started
2025-10-06 17:15:03,114 - INFO - Running Processes: 84
2025-10-06 17:15:03,114 - INFO - System Health Check Completed
2025-10-06 17:20:00,580 - INFO - System Health Check Started
2025-10-06 17:20:01,583 - INFO - Running Processes: 84
2025-10-06 17:20:01,583 - INFO - System Health Check Completed
2025-10-06 17:25:00,892 - INFO - System Health Check Started
2025-10-06 17:25:01,455 - INFO - Running Processes: 84
2025-10-06 17:25:01,455 - INFO - System Health Check Completed
2025-10-06 17:30:00,698 - INFO - System Health Check Started
2025-10-06 17:30:01,700 - INFO - Running Processes: 84
2025-10-06 17:30:01,700 - INFO - System Health Check Completed
2025-10-06 17:35:00,776 - INFO - System Health Check Started
2025-10-06 17:35:01,781 - INFO - Running Processes: 84
2025-10-06 17:35:01,781 - INFO - System Health Check Completed
2025-10-06 17:40:00,285 - INFO - System Health Check Started
2025-10-06 17:40:01,286 - INFO - Running Processes: 87
2025-10-06 17:40:01,287 - INFO - System Health Check Completed
2025-10-06 17:45:00,192 - INFO - System Health Check Started
2025-10-06 17:45:01,194 - INFO - Running Processes: 94
2025-10-06 17:45:01,194 - INFO - System Health Check Completed
2025-10-06 17:50:00,426 - INFO - System Health Check Started
2025-10-06 17:50:01,429 - INFO - Running Processes: 94
2025-10-06 17:50:01,429 - INFO - System Health Check Completed
2025-10-06 17:55:02,029 - INFO - System Health Check Started
2025-10-06 17:55:03,031 - INFO - Running Processes: 94
2025-10-06 17:55:03,032 - INFO - System Health Check Completed
2025-10-06 18:00:00,721 - INFO - System Health Check Started
2025-10-06 18:00:01,723 - INFO - Running Processes: 95
2025-10-06 18:00:01,723 - INFO - System Health Check Completed
2025-10-06 18:05:01,968 - INFO - System Health Check Started
2025-10-06 18:05:02,971 - INFO - Running Processes: 95
2025-10-06 18:05:02,971 - INFO - System Health Check Completed
2025-10-06 18:10:00,556 - INFO - System Health Check Started
2025-10-06 18:10:01,560 - INFO - Running Processes: 95
2025-10-06 18:10:01,560 - INFO - System Health Check Completed
2025-10-06 18:15:00,820 - INFO - System Health Check Started
2025-10-06 18:15:01,823 - INFO - Running Processes: 95
2025-10-06 18:15:01,823 - INFO - System Health Check Completed
2025-10-06 18:20:00,442 - INFO - System Health Check Started
2025-10-06 18:20:01,445 - INFO - Running Processes: 94
2025-10-06 18:20:01,445 - INFO - System Health Check Completed
2025-10-06 18:25:00,525 - INFO - System Health Check Started
2025-10-06 18:25:01,527 - INFO - Running Processes: 94
2025-10-06 18:25:01,527 - INFO - System Health Check Completed
2025-10-06 18:30:01,987 - INFO - System Health Check Started
2025-10-06 18:30:02,991 - INFO - Running Processes: 94
2025-10-06 18:30:02,991 - INFO - System Health Check Completed
2025-10-06 18:35:02,113 - INFO - System Health Check Started
2025-10-06 18:35:03,115 - INFO - Running Processes: 94
2025-10-06 18:35:03,115 - INFO - System Health Check Completed
2025-10-06 18:40:00,598 - INFO - System Health Check Started
2025-10-06 18:40:01,601 - INFO - Running Processes: 94
2025-10-06 18:40:01,601 - INFO - System Health Check Completed
2025-10-06 18:45:00,548 - INFO - System Health Check Started
2025-10-06 18:45:01,552 - INFO - Running Processes: 94
2025-10-06 18:45:01,552 - INFO - System Health Check Completed
2025-10-06 18:49:59,872 - INFO - System Health Check Started
2025-10-06 18:50:00,875 - INFO - Running Processes: 94
2025-10-06 18:50:00,875 - INFO - System Health Check Completed
2025-10-08 13:00:00,914 - INFO - System Health Check Started
2025-10-08 13:00:01,920 - INFO - Running Processes: 95
2025-10-08 13:00:01,920 - INFO - System Health Check Completed
2025-10-08 13:05:00,164 - INFO - System Health Check Started
2025-10-08 13:05:01,166 - INFO - Running Processes: 95
2025-10-08 13:05:01,166 - INFO - System Health Check Completed
2025-10-08 13:10:00,318 - INFO - System Health Check Started
2025-10-08 13:10:01,319 - INFO - Running Processes: 95
2025-10-08 13:10:01,319 - INFO - System Health Check Completed
